<?xml version="1.0" encoding="UTF-8"?>
<!-- Generated by org.testng.reporters.JUnitReportReporter -->
<testsuite hostname="LAPTOP-5E08MPST" failures="0" tests="1" name="seleniumtutorial.ErrorValidations" time="10.228" errors="0" timestamp="2022-12-14T17:33:03 IST" skipped="0">
  <testcase classname="seleniumtutorial.ErrorValidations" name="ShoppingApps" time="10.228"/>
  <system-out/>
</testsuite> <!-- seleniumtutorial.ErrorValidations -->
